<?xml version="1.0" encoding="UTF-8"?>
<!-- Generated by org.testng.reporters.JUnitReportReporter -->
<testsuite hostname="IBM-4DWTPM3" name="day1.restassured" tests="1" failures="0" timestamp="4 Jul 2022 00:29:47 GMT" time="3.267" errors="0">
  <testcase name="createuser" time="3.267" classname="day1.restassured"/>
</testsuite> <!-- day1.restassured -->
